1672508029348	geckodriver	INFO	Listening on 127.0.0.1:53849
1672508327614	geckodriver	INFO	Listening on 127.0.0.1:54082
1672508330687	mozrunner::runner	INFO	Running command: "C:\\Program Files\\Mozilla Firefox\\firefox.exe" "--marionette" "--remote-debugging-port" "54083" "--remote-allow-hosts" "localhost" "-no-remote" "-profile" "C:\\Users\\rudra\\AppData\\Local\\Temp\\rust_mozprofilebqpqyO"
1672508331179	Marionette	INFO	Marionette enabled
1672508331191	Marionette	INFO	Listening on port 54096
Read port: 54096
WebDriver BiDi listening on ws://127.0.0.1:54083
1672508331379	RemoteAgent	WARN	TLS certificate errors will be ignored for this session
console.warn: SearchSettings: "get: No settings file exists, new profile?" (new NotFoundError("Could not open the file at C:\\Users\\rudra\\AppData\\Local\\Temp\\rust_mozprofilebqpqyO\\search.json.mozlz4", (void 0)))
DevTools listening on ws://127.0.0.1:54083/devtools/browser/2fea8095-d207-40d7-860b-f85511cd802e
console.warn: LoginRecipes: "Falling back to a synchronous message for: https://accounts.google.com."
JavaScript warning: https://accounts.google.com/v3/signin/identifier?dsh=S-1341980500%3A1672508336050971&continue=https%3A%2F%2Fmail.google.com%2Fmail%2Fu%2F0%2F&emr=1&followup=https%3A%2F%2Fmail.google.com%2Fmail%2Fu%2F0%2F&osid=1&passive=1209600&service=mail&flowName=GlifWebSignIn&flowEntry=ServiceLogin&ifkv=AeAAQh41T9WvcjVix53K61wx_0rsqGQE_jfDsP6h0NkU4YhxLjkIESGqGDc6VoTZtKnNtPKUrs8e line 534 > injectedScript line 2 > eval line 3763 > eval line 1 > eval line 1 > eval, line 1: WEBGL_debug_renderer_info is deprecated in Firefox and will be removed. Please use RENDERER.
console.warn: LoginRecipes: "Falling back to a synchronous message for: https://accounts.google.com."
console.warn: LoginRecipes: "Falling back to a synchronous message for: https://accounts.google.com."
JavaScript warning: https://www.gstatic.com/_/mss/boq-identity/_/js/k=boq-identity.AccountsSignInUi.en_US.kKGXbZSQbno.es5.O/am=DCPAICDmwMkQAAAAAACAAABggAMI/d=1/excm=_b,_r,_tp,identifierview/ed=1/dg=0/wt=2/rs=AOaEmlEWKV6tKnhFd0g2suquF8iz-tDHZA/m=_b,_tp,_r, line 352: Script terminated by timeout at:
Gl.prototype.toString@https://www.gstatic.com/_/mss/boq-identity/_/js/k=boq-identity.AccountsSignInUi.en_US.kKGXbZSQbno.es5.O/am=DCPAICDmwMkQAAAAAACAAABggAMI/d=1/excm=_b,_r,_tp,identifierview/ed=1/dg=0/wt=2/rs=AOaEmlEWKV6tKnhFd0g2suquF8iz-tDHZA/m=_b,_tp,_r:352:64
_.Ip@https://www.gstatic.com/_/mss/boq-identity/_/js/k=boq-identity.AccountsSignInUi.en_US.kKGXbZSQbno.es5.O/am=DCPAICDmwMkQAAAAAACAAABggAMI/d=1/excm=_b,_r,_tp,identifierview/ed=1/dg=0/wt=2/rs=AOaEmlEWKV6tKnhFd0g2suquF8iz-tDHZA/m=_b,_tp,_r:667:63
$ca@https://www.gstatic.com/_/mss/boq-identity/_/js/k=boq-identity.AccountsSignInUi.en_US.kKGXbZSQbno.es5.O/am=DCPAICDmwMkQAAAAAACAAABggAMI/d=1/excm=_b,_r,_tp,identifierview/ed=1/dg=0/wt=2/rs=AOaEmlEWKV6tKnhFd0g2suquF8iz-tDHZA/m=_b,_tp,_r:732:89
_.br.prototype.fb@https://www.gstatic.com/_/mss/boq-identity/_/js/k=boq-identity.AccountsSignInUi.en_US.kKGXbZSQbno.es5.O/am=DCPAICDmwMkQAAAAAACAAABggAMI/d=1/excm=_b,_r,_tp,identifierview/ed=1/dg=0/wt=2/rs=AOaEmlEWKV6tKnhFd0g2suquF8iz-tDHZA/m=_b,_tp,_r:731:393
c@https://www.gstatic.com/_/mss/boq-identity/_/js/k=boq-identity.AccountsSignInUi.en_US.kKGXbZSQbno.es5.O/am=DCPAICDmwMkQAAAAAACAAABggAMI/d=1/excm=_b,_r,_tp,identifierview/ed=1/dg=0/wt=2/rs=AOaEmlEWKV6tKnhFd0g2suquF8iz-tDHZA/m=_b,_tp,_r:432:252
He.prototype.fa@https://www.gstatic.com/_/mss/boq-identity/_/js/k=boq-identity.AccountsSignInUi.en_US.kKGXbZSQbno.es5.O/am=DCPAICDmwMkQAAAAAACAAABggAMI/d=1/excm=_b,_r,_tp,identifierview/ed=1/dg=0/wt=2/rs=AOaEmlEWKV6tKnhFd0g2suquF8iz-tDHZA/m=_b,_tp,_r:722:348
n@https://accounts.google.com/v3/signin/identifier?dsh=S470303139%3A1672508386871675&continue=https%3A%2F%2Fmail.google.com%2Fmail%2F&rip=1&sacu=1&service=mail&flowName=GlifWebSignIn&flowEntry=ServiceLogin&ifkv=AeAAQh7ihotT_1GAa9zlksT6xPeTbqITfded12Bq1pOn86vI4N0qLmYYnkZk1iK1fN5JzLBdC1OKJg:35:138
trigger@https://accounts.google.com/v3/signin/identifier?dsh=S470303139%3A1672508386871675&continue=https%3A%2F%2Fmail.google.com%2Fmail%2F&rip=1&sacu=1&service=mail&flowName=GlifWebSignIn&flowEntry=ServiceLogin&ifkv=AeAAQh7ihotT_1GAa9zlksT6xPeTbqITfded12Bq1pOn86vI4N0qLmYYnkZk1iK1fN5JzLBdC1OKJg:40:307
_.br.prototype.Ha@https://www.gstatic.com/_/mss/boq-identity/_/js/k=boq-identity.AccountsSignInUi.en_US.kKGXbZSQbno.es5.O/am=DCPAICDmwMkQAAAAAACAAABggAMI/d=1/excm=_b,_r,_tp,identifierview/ed=1/dg=0/wt=2/rs=AOaEmlEWKV6tKnhFd0g2suquF8iz-tDHZA/m=_b,_tp,_r:728:36
Np@https://www.gstatic.com/_/mss/boq-identity/_/js/k=boq-identity.AccountsSignInUi.en_US.kKGXbZSQbno.es5.O/am=DCPAICDmwMkQAAAAAACAAABggAMI/d=1/excm=_b,_r,_tp,identifierview/ed=1/dg=0/wt=2/rs=AOaEmlEWKV6tKnhFd0g2suquF8iz-tDHZA/m=_b,_tp,_r:728:153
_.we@https://www.gstatic.com/_/mss/boq-identity/_/js/k=boq-identity.AccountsSignInUi.en_US.kKGXbZSQbno.es5.O/am=DCPAICDmwMkQAAAAAACAAABggAMI/d=1/excm=_b,_r,_tp,identifierview/ed=1/dg=0/wt=2/rs=AOaEmlEWKV6tKnhFd0g2suquF8iz-tDHZA/m=_b,_tp,_r:669:389
_.g.Ha@https://www.gstatic.com/_/mss/boq-identity/_/js/k=boq-identity.AccountsSignInUi.en_US.kKGXbZSQbno.es5.O/ck=boq-identity.AccountsSignInUi.j1nnCcSCDc8.L.F4.O/am=DCPAICDmwMkQAAAAAACAAABggAMI/d=1/exm=_b,_r,_tp/excm=_b,_r,_tp,identifierview/ed=1/wt=2/rs=AOaEmlGUnrnXzr0NoD33lzg3WX41vBBvfQ/ee=cEt90b:ws9Tlc;QGR0gd:Mlhmy;uY49fb:COQbmf;Xv6lvf:kKw6r;yxTchf:KUM7Z;qddgKe:xQtZb;wR5FRb:siKnQd;iFQyKf:vfuNJf;dIoSBb:SpsfSb;EmZ2Bf:zr1jrb;nTuGK:JKNPM;nAFL3:NTMZac;oGtAuc:sOXFj;eBAeSb:zbML3c;NPKaK:PVlQOd;LBgRLc:XVMNvd;NSEoX:lazG7b;Pjplud:EEDORb;io8t5d:yDVVkb;j7137d:KG2eXe;Oj465e:KG2eXe;ul9GGd:VDovNc;sP4Vbe:VwDzFe;kMFpHd:OTA3Ae;oSUNyd:K0PMbc;SMDL4c:K0PMbc;vNjB7d:YTxL4;IxdHEc:JR5bgb;QJMNBe:iJMRdc;pXdRYb:XP0Iwc;SNUn3:ZwDk9d/m=n73qwf,zwU6q,IZT63,vfuNJf,UUJqVe,ws9Tlc,siKnQd,XVq9Qb,rXHJjc,njlZCf,byfTOb,lsjVmc,xUdipf,OTA3Ae,COQbmf,fKUV3e,aurFic,U0aPgd,kKw6r,ANCJdb,V3dDOb,G0cNrd,IAEjzb,mWLH9d,NAySvc,O6y8ed,t2srLd,XP0Iwc,PrPYRd,MpJwZc,qPfo0c,LEikZe,NwH0H,OmgaI,hc6Ubd,SdUrle,KUM7Z,Qhoasd,L1AAkb,PaKzg,XVMNvd,Mlhmy,lwddkf,gychg,EEDORb,SpsfSb,aW3pY,JR5bgb,kmSu5b,EFQ78c,ZfAoz,xQtZb,I6YDgd,N5Lqpc,fgj8Rb,kWgXee,PkV8id,VFoZaf,ovKuLd,zbML3c,yDVVkb,zr1jrb,AD1APd,vHEMJe,YTxL4,i1Z3Ub,M33OJb,el0Mne,UmWJEc,KG2eXe,Uas9Hd,zy0vNb,b21kgd,zYlmub,K0PMbc,Y9IaVe,AvtSve,Gxw5Df,qmdT9,eB7Kg,vDwyod,lmaXKd,SbZIp,GGodmf,NMEa1e,IgLVKb,ukxuyd,iJMRdc,eVCnO,gWq1ge,A2sInc,XExvDf,wzQaQb,SUKkyc,b3kMqb:351:92
_.g.xm@https://www.gstatic.com/_/mss/boq-identity/_/js/k=boq-identity.AccountsSignInUi.en_US.kKGXbZSQbno.es5.O/ck=boq-identity.AccountsSignInUi.j1nnCcSCDc8.L.F4.O/am=DCPAICDmwMkQAAAAAACAAABggAMI/d=1/exm=A2sInc,AD1APd,ANCJdb,AvtSve,COQbmf,EEDORb,EFQ78c,G0cNrd,GGodmf,Gxw5Df,I6YDgd,IAEjzb,IZT63,IgLVKb,JR5bgb,K0PMbc,KG2eXe,KUM7Z,L1AAkb,LEikZe,M33OJb,Mlhmy,MpJwZc,N5Lqpc,NAySvc,NMEa1e,NTMZac,NwH0H,O6y8ed,OTA3Ae,OmgaI,PaKzg,PkV8id,PrPYRd,Qhoasd,RAnnUd,RMhBfe,SUKkyc,SbZIp,SdUrle,SpsfSb,U0aPgd,UUJqVe,Uas9Hd,UmWJEc,V3dDOb,VFoZaf,XExvDf,XP0Iwc,XVMNvd,XVq9Qb,Y9IaVe,YTxL4,ZfAoz,ZwDk9d,_b,_r,_tp,aW3pY,aurFic,b21kgd,b3kMqb,byfTOb,eB7Kg,eVCnO,el0Mne,fKUV3e,fgj8Rb,gWq1ge,gychg,hc6Ubd,i1Z3Ub,i5dxUd,iJMRdc,kKw6r,kWgXee,kmSu5b,lmaXKd,lsjVmc,lwddkf,m9oV,mWLH9d,n73qwf,njlZCf,ovKuLd,qPfo0c,qmdT9,rXHJjc,siKnQd,soHxf,t2srLd,ukxuyd,uu7UOe,vDwyod,vHEMJe,vfuNJf,ws9Tlc,wzQaQb,xQtZb,xUdipf,yDVVkb,yRXbo,zYlmub,zbML3c,zr1jrb,zwU6q,zy0vNb/excm=_b,_r,_tp,identifierview/ed=1/wt=2/rs=AOaEmlGUnrnXzr0NoD33lzg3WX41vBBvfQ/ee=cEt90b:ws9Tlc;QGR0gd:Mlhmy;uY49fb:COQbmf;Xv6lvf:kKw6r;yxTchf:KUM7Z;qddgKe:xQtZb;wR5FRb:siKnQd;iFQyKf:vfuNJf;dIoSBb:SpsfSb;EmZ2Bf:zr1jrb;nTuGK:JKNPM;nAFL3:NTMZac;oGtAuc:sOXFj;eBAeSb:zbML3c;NPKaK:PVlQOd;LBgRLc:XVMNvd;NSEoX:lazG7b;Pjplud:EEDORb;io8t5d:yDVVkb;j7137d:KG2eXe;Oj465e:KG2eXe;ul9GGd:VDovNc;sP4Vbe:VwDzFe;kMFpHd:OTA3Ae;oSUNyd:K0PMbc;SMDL4c:K0PMbc;vNjB7d:YTxL4;IxdHEc:JR5bgb;QJMNBe:iJMRdc;pXdRYb:XP0Iwc;SNUn3:ZwDk9d/m=pxq3x:14:281
dda/<@https://www.gstatic.com/_/mss/boq-identity/_/js/k=boq-identity.AccountsSignInUi.en_US.kKGXbZSQbno.es5.O/am=DCPAICDmwMkQAAAAAACAAABggAMI/d=1/excm=_b,_r,_tp,identifierview/ed=1/dg=0/wt=2/rs=AOaEmlEWKV6tKnhFd0g2suquF8iz-tDHZA/m=_b,_tp,_r:735:354
Di@https://www.gstatic.com/_/mss/boq-identity/_/js/k=boq-identity.AccountsSignInUi.en_US.kKGXbZSQbno.es5.O/am=DCPAICDmwMkQAAAAAACAAABggAMI/d=1/excm=_b,_r,_tp,identifierview/ed=1/dg=0/wt=2/rs=AOaEmlEWKV6tKnhFd0g2suquF8iz-tDHZA/m=_b,_tp,_r:215:245
_.Gi@https://www.gstatic.com/_/mss/boq-identity/_/js/k=boq-identity.AccountsSignInUi.en_US.kKGXbZSQbno.es5.O/am=DCPAICDmwMkQAAAAAACAAABggAMI/d=1/excm=_b,_r,_tp,identifierview/ed=1/dg=0/wt=2/rs=AOaEmlEWKV6tKnhFd0g2suquF8iz-tDHZA/m=_b,_tp,_r:212:455
_.De@https://www.gstatic.com/_/mss/boq-identity/_/js/k=boq-identity.AccountsSignInUi.en_US.kKGXbZSQbno.es5.O/am=DCPAICDmwMkQAAAAAACAAABggAMI/d=1/excm=_b,_r,_tp,identifierview/ed=1/dg=0/wt=2/rs=AOaEmlEWKV6tKnhFd0g2suquF8iz-tDHZA/m=_b,_tp,_r:212:251
dda@https://www.gstatic.com/_/mss/boq-identity/_/js/k=boq-identity.AccountsSignInUi.en_US.kKGXbZSQbno.es5.O/am=DCPAICDmwMkQAAAAAACAAABggAMI/d=1/excm=_b,_r,_tp,identifierview/ed=1/dg=0/wt=2/rs=AOaEmlEWKV6tKnhFd0g2suquF8iz-tDHZA/m=_b,_tp,_r:735:330
hr@https://www.gstatic.com/_/mss/boq-identity/_/js/k=boq-identity.AccountsSignInUi.en_US.kKGXbZSQbno.es5.O/am=DCPAICDmwMkQAAAAAACAAABggAMI/d=1/excm=_b,_r,_tp,identifierview/ed=1/dg=0/wt=2/rs=AOaEmlEWKV6tKnhFd0g2suquF8iz-tDHZA/m=_b,_tp,_r:734:190
bda/<@https://www.gstatic.com/_/mss/boq-identity/_/js/k=boq-identity.AccountsSignInUi.en_US.kKGXbZSQbno.es5.O/am=DCPAICDmwMkQAAAAAACAAABggAMI/d=1/excm=_b,_r,_tp,identifierview/ed=1/dg=0/wt=2/rs=AOaEmlEWKV6tKnhFd0g2suquF8iz-tDHZA/m=_b,_tp,_r:734:380
Di@https://www.gstatic.com/_/mss/boq-identity/_/js/k=boq-identity.AccountsSignInUi.en_US.kKGXbZSQbno.es5.O/am=DCPAICDmwMkQAAAAAACAAABggAMI/d=1/excm=_b,_r,_tp,identifierview/ed=1/dg=0/wt=2/rs=AOaEmlEWKV6tKnhFd0g2suquF8iz-tDHZA/m=_b,_tp,_r:215:245
_.Gi@https://www.gstatic.com/_/mss/boq-identity/_/js/k=boq-identity.AccountsSignInUi.en_US.kKGXbZSQbno.es5.O/am=DCPAICDmwMkQAAAAAACAAABggAMI/d=1/excm=_b,_r,_tp,identifierview/ed=1/dg=0/wt=2/rs=AOaEmlEWKV6tKnhFd0g2suquF8iz-tDHZA/m=_b,_tp,_r:212:455
_.De@https://www.gstatic.com/_/mss/boq-identity/_/js/k=boq-identity.AccountsSignInUi.en_US.kKGXbZSQbno.es5.O/am=DCPAICDmwMkQAAAAAACAAABggAMI/d=1/excm=_b,_r,_tp,identifierview/ed=1/dg=0/wt=2/rs=AOaEmlEWKV6tKnhFd0g2suquF8iz-tDHZA/m=_b,_tp,_r:212:251
bda@https://www.gstatic.com/_/mss/boq-identity/_/js/k=boq-identity.AccountsSignInUi.en_US.kKGXbZSQbno.es5.O/am=DCPAICDmwMkQAAAAAACAAABggAMI/d=1/excm=_b,_r,_tp,identifierview/ed=1/dg=0/wt=2/rs=AOaEmlEWKV6tKnhFd0g2suquF8iz-tDHZA/m=_b,_tp,_r:734:254
$ca/<@https://www.gstatic.com/_/mss/boq-identity/_/js/k=boq-identity.AccountsSignInUi.en_US.kKGXbZSQbno.es5.O/am=DCPAICDmwMkQAAAAAACAAABggAMI/d=1/excm=_b,_r,_tp,identifierview/ed=1/dg=0/wt=2/rs=AOaEmlEWKV6tKnhFd0g2suquF8iz-tDHZA/m=_b,_tp,_r:732:464
Di@https://www.gstatic.com/_/mss/boq-identity/_/js/k=boq-identity.AccountsSignInUi.en_US.kKGXbZSQbno.es5.O/am=DCPAICDmwMkQAAAAAACAAABggAMI/d=1/excm=_b,_r,_tp,identifierview/ed=1/dg=0/wt=2/rs=AOaEmlEWKV6tKnhFd0g2suquF8iz-tDHZA/m=_b,_tp,_r:215:245
_.Gi@https://www.gstatic.com/_/mss/boq-identity/_/js/k=boq-identity.AccountsSignInUi.en_US.kKGXbZSQbno.es5.O/am=DCPAICDmwMkQAAAAAACAAABggAMI/d=1/excm=_b,_r,_tp,identifierview/ed=1/dg=0/wt=2/rs=AOaEmlEWKV6tKnhFd0g2suquF8iz-tDHZA/m=_b,_tp,_r:212:455
_.De@https://www.gstatic.com/_/mss/boq-identity/_/js/k=boq-identity.AccountsSignInUi.en_US.kKGXbZSQbno.es5.O/am=DCPAICDmwMkQAAAAAACAAABggAMI/d=1/excm=_b,_r,_tp,identifierview/ed=1/dg=0/wt=2/rs=AOaEmlEWKV6tKnhFd0g2suquF8iz-tDHZA/m=_b,_tp,_r:212:251
$ca@https://www.gstatic.com/_/mss/boq-identity/_/js/k=boq-identity.AccountsSignInUi.en_US.kKGXbZSQbno.es5.O/am=DCPAICDmwMkQAAAAAACAAABggAMI/d=1/excm=_b,_r,_tp,identifierview/ed=1/dg=0/wt=2/rs=AOaEmlEWKV6tKnhFd0g2suquF8iz-tDHZA/m=_b,_tp,_r:732:441
_.br.prototype.fb@https://www.gstatic.com/_/mss/boq-identity/_/js/k=boq-identity.AccountsSignInUi.en_US.kKGXbZSQbno.es5.O/am=DCPAICDmwMkQAAAAAACAAABggAMI/d=1/excm=_b,_r,_tp,identifierview/ed=1/dg=0/wt=2/rs=AOaEmlEWKV6tKnhFd0g2suquF8iz-tDHZA/m=_b,_tp,_r:731:393
c@https://www.gstatic.com/_/mss/boq-identity/_/js/k=boq-identity.AccountsSignInUi.en_US.kKGXbZSQbno.es5.O/am=DCPAICDmwMkQAAAAAACAAABggAMI/d=1/excm=_b,_r,_tp,identifierview/ed=1/dg=0/wt=2/rs=AOaEmlEWKV6tKnhFd0g2suquF8iz-tDHZA/m=_b,_tp,_r:432:252
He.prototype.fa@https://www.gstatic.com/_/mss/boq-identity/_/js/k=boq-identity.AccountsSignInUi.en_US.kKGXbZSQbno.es5.O/am=DCPAICDmwMkQAAAAAACAAABggAMI/d=1/excm=_b,_r,_tp,identifierview/ed=1/dg=0/wt=2/rs=AOaEmlEWKV6tKnhFd0g2suquF8iz-tDHZA/m=_b,_tp,_r:722:348
n@https://accounts.google.com/v3/signin/identifier?dsh=S470303139%3A1672508386871675&continue=https%3A%2F%2Fmail.google.com%2Fmail%2F&rip=1&sacu=1&service=mail&flowName=GlifWebSignIn&flowEntry=ServiceLogin&ifkv=AeAAQh7ihotT_1GAa9zlksT6xPeTbqITfded12Bq1pOn86vI4N0qLmYYnkZk1iK1fN5JzLBdC1OKJg:35:138

console.warn: LoginRecipes: "Falling back to a synchronous message for: https://accounts.google.com."
JavaScript warning: https://pagead2.googlesyndication.com/bg/3WpNOUgrN-_pxVw2NAHVNtofer_w6aLb3ZHXGHAM44Y.js line 2 > eval line 5164 > eval line 1 > eval line 1 > eval, line 1: WEBGL_debug_renderer_info is deprecated in Firefox and will be removed. Please use RENDERER.
JavaScript warning: https://assets.adobedtm.com/ccc66c06b30b/55fa318d7542/launch-02794e96912a.min.js, line 6: WEBGL_debug_renderer_info is deprecated in Firefox and will be removed. Please use RENDERER.
JavaScript warning: https://pagead2.googlesyndication.com/bg/3WpNOUgrN-_pxVw2NAHVNtofer_w6aLb3ZHXGHAM44Y.js line 2 > eval line 6122 > eval line 1 > eval line 1 > eval, line 1: WEBGL_debug_renderer_info is deprecated in Firefox and will be removed. Please use RENDERER.
JavaScript warning: https://pagead2.googlesyndication.com/bg/3WpNOUgrN-_pxVw2NAHVNtofer_w6aLb3ZHXGHAM44Y.js line 2 > eval line 6325 > eval line 1 > eval line 1 > eval, line 1: WEBGL_debug_renderer_info is deprecated in Firefox and will be removed. Please use RENDERER.
JavaScript warning: https://pagead2.googlesyndication.com/bg/3WpNOUgrN-_pxVw2NAHVNtofer_w6aLb3ZHXGHAM44Y.js line 2 > eval line 6323 > eval line 1 > eval line 1 > eval, line 1: WEBGL_debug_renderer_info is deprecated in Firefox and will be removed. Please use RENDERER.
JavaScript warning: https://accounts.google.com/v3/signin/identifier?dsh=S-754440734%3A1672508428381449&continue=https%3A%2F%2Fmail.google.com%2Fmail%2F&rip=1&sacu=1&service=mail&flowName=GlifWebSignIn&flowEntry=ServiceLogin&ifkv=AeAAQh4mQmvcIsvQzr-M3Hn29m2ukvx0TPIk8alCD24PRG9Tofeikq9fK0WNMd_PWJZy0zMzvpc-0w line 534 > injectedScript line 2 > eval line 963 > eval line 1 > eval line 1 > eval, line 1: WEBGL_debug_renderer_info is deprecated in Firefox and will be removed. Please use RENDERER.
console.warn: LoginRecipes: "Falling back to a synchronous message for: https://accounts.google.com."
console.warn: LoginRecipes: "Falling back to a synchronous message for: https://accounts.google.com."
1672510092364	Marionette	INFO	Stopped listening on port 54096
console.warn: TopSitesFeed: Failed to fetch data from Contile server: NetworkError when attempting to fetch resource.
54c-4081-8d1d-3bfaaf17e408
console.warn: LoginRecipes: "Falling back to a synchronous message for: https://accounts.google.com."
JavaScript warning: https://accounts.google.com/v3/signin/identifier?dsh=S1208323835%3A1672508904521729&continue=https%3A%2F%2Fmail.google.com%2Fmail%2Fu%2F0%2F&emr=1&followup=https%3A%2F%2Fmail.google.com%2Fmail%2Fu%2F0%2F&osid=1&passive=1209600&service=mail&flowName=GlifWebSignIn&flowEntry=ServiceLogin&ifkv=AeAAQh7YeYrQfHaSN2JBbN9Da25I-u-xqxjT9c7zE2uYELXWR8fJ124vdTmnFtNM9QX8HznJ2RPb9Q line 534 > injectedScript line 2 > eval line 1517 > eval line 1 > eval line 1 > eval, line 1: WEBGL_debug_renderer_info is deprecated in Firefox and will be removed. Please use RENDERER.
console.warn: LoginRecipes: "Falling back to a synchronous message for: https://accounts.google.com."
console.warn: LoginRecipes: "Falling back to a synchronous message for: https://accounts.google.com."
1672510102604	Marionette	INFO	Stopped listening on port 54560
console.warn: TopSitesFeed: Failed to fetch data from Contile server: NetworkError when attempting to fetch resource.
remote-debugging-port" "54643" "--remote-allow-hosts" "localhost" "-no-remote" "-profile" "C:\\Users\\rudra\\AppData\\Local\\Temp\\rust_mozprofileXgDrx9"
1672508953054	Marionette	INFO	Marionette enabled
1672508953062	Marionette	INFO	Listening on port 54654
Read port: 54654
WebDriver BiDi listening on ws://127.0.0.1:54643
1672508953240	RemoteAgent	WARN	TLS certificate errors will be ignored for this session
console.warn: SearchSettings: "get: No settings file exists, new profile?" (new NotFoundError("Could not open the file at C:\\Users\\rudra\\AppData\\Local\\Temp\\rust_mozprofileXgDrx9\\search.json.mozlz4", (void 0)))
DevTools listening on ws://127.0.0.1:54643/devtools/browser/3767a87f-36e6-4529-ad7f-aa29d1e10181
console.warn: LoginRecipes: "Falling back to a synchronous message for: https://accounts.google.com."
JavaScript warning: https://accounts.google.com/v3/signin/identifier?dsh=S-1861837845%3A1672508920464484&continue=https%3A%2F%2Fmail.google.com%2Fmail%2F&rip=1&sacu=1&service=mail&flowName=GlifWebSignIn&flowEntry=ServiceLogin&ifkv=AeAAQh7Y9fMqdWLaHsFZE-EqLa67E4ISuQcnc8Cf8u65hb3imMN90RNwvekxErtOR0KtJ7vJSKOTYw line 534 > injectedScript line 2 > eval line 1088 > eval line 1 > eval line 1 > eval, line 1: WEBGL_debug_renderer_info is deprecated in Firefox and will be removed. Please use RENDERER.
console.warn: LoginRecipes: "Falling back to a synchronous message for: https://accounts.google.com."
JavaScript warning: https://pagead2.googlesyndication.com/bg/3WpNOUgrN-_pxVw2NAHVNtofer_w6aLb3ZHXGHAM44Y.js line 2 > eval line 4764 > eval line 1 > eval line 1 > eval, line 1: WEBGL_debug_renderer_info is deprecated in Firefox and will be removed. Please use RENDERER.
console.warn: LoginRecipes: "Falling back to a synchronous message for: https://www.google.com."
console.warn: LoginRecipes: "Falling back to a synchronous message for: https://www.google.com."
JavaScript error: https://www.qtpselenium.com/selenium-training/forum/6016/selenium-automation-couldn-t-sign-you-in-mail-google-com, line 469: TypeError: document.getElementById(...) is null
JavaScript error: https://www.qtpselenium.com/selenium-training/forum/6016/selenium-automation-couldn-t-sign-you-in-mail-google-com, line 1: ReferenceError: myFunction is not defined
JavaScript error: https://www.qtpselenium.com/selenium-training/forum/6016/selenium-automation-couldn-t-sign-you-in-mail-google-com, line 678: TypeError: $header.offset() is undefined
1672510095633	Marionette	INFO	Stopped listening on port 54654
[Parent 3308, IPC I/O Parent] WARNING: DuplicateHandle failed for handle 0 in TransferHandles: file /builds/worker/checkouts/gecko/ipc/chromium/src/chrome/common/ipc_channel_win.cc:746
[Parent 3308, IPC I/O Parent] WARNING: DuplicateHandle failed for handle 0 in TransferHandles: file /builds/worker/checkouts/gecko/ipc/chromium/src/chrome/common/ipc_channel_win.cc:746
console.warn: TopSitesFeed: Failed to fetch data from Contile server: NetworkError when attempting to fetch resource.
or: https://accounts.google.com."
1672510106860	Marionette	INFO	Stopped listening on port 54765
console.warn: TopSitesFeed: Failed to fetch data from Contile server: NetworkError when attempting to fetch resource.
1672510175997	geckodriver	INFO	Listening on 127.0.0.1:55107
1672510179077	mozrunner::runner	INFO	Running command: "C:\\Program Files\\Mozilla Firefox\\firefox.exe" "--marionette" "--remote-debugging-port" "55108" "--remote-allow-hosts" "localhost" "-no-remote" "-profile" "C:\\Users\\rudra\\AppData\\Local\\Temp\\rust_mozprofiley2Ur35"
1672510179477	Marionette	INFO	Marionette enabled
1672510179485	Marionette	INFO	Listening on port 55117
Read port: 55117
WebDriver BiDi listening on ws://127.0.0.1:55108
1672510179662	RemoteAgent	WARN	TLS certificate errors will be ignored for this session
console.warn: SearchSettings: "get: No settings file exists, new profile?" (new NotFoundError("Could not open the file at C:\\Users\\rudra\\AppData\\Local\\Temp\\rust_mozprofiley2Ur35\\search.json.mozlz4", (void 0)))
DevTools listening on ws://127.0.0.1:55108/devtools/browser/f0f22b71-8a25-4bd5-bce5-cd81ed2ab6c8
console.warn: LoginRecipes: "Falling back to a synchronous message for: https://accounts.google.com."
JavaScript warning: https://accounts.google.com/v3/signin/identifier?dsh=S-1861837845%3A1672508920464484&continue=https%3A%2F%2Fmail.google.com%2Fmail%2F&rip=1&sacu=1&service=mail&flowName=GlifWebSignIn&flowEntry=ServiceLogin&ifkv=AeAAQh7Y9fMqdWLaHsFZE-EqLa67E4ISuQcnc8Cf8u65hb3imMN90RNwvekxErtOR0KtJ7vJSKOTYw line 534 > injectedScript line 2 > eval line 3820 > eval line 1 > eval line 1 > eval, line 1: WEBGL_debug_renderer_info is deprecated in Firefox and will be removed. Please use RENDERER.
console.warn: LoginRecipes: "Falling back to a synchronous message for: https://accounts.google.com."
console.warn: LoginRecipes: "Falling back to a synchronous message for: https://accounts.google.com."
1672510206605	Marionette	INFO	Stopped listening on port 55117
console.warn: TopSitesFeed: Failed to fetch data from Contile server: NetworkError when attempting to fetch resource.
